Determining if the pthread_create exist failed with the following output:
Change Dir: /home/robond/Desktop/First-Project/build/CMakeFiles/CMakeTmp

Run Build Command:"/usr/bin/make" "cmTC_45327/fast"
/usr/bin/make -f CMakeFiles/cmTC_45327.dir/build.make CMakeFiles/cmTC_45327.dir/build
make[1]: Entering directory '/home/robond/Desktop/First-Project/build/CMakeFiles/CMakeTmp'
Building C object CMakeFiles/cmTC_45327.dir/CheckSymbolExists.c.o
/usr/bin/cc     -o CMakeFiles/cmTC_45327.dir/CheckSymbolExists.c.o   -c /home/robond/Desktop/First-Project/build/CMakeFiles/CMakeTmp/CheckSymbolExists.c
Linking C executable cmTC_45327
/usr/bin/cmake -E cmake_link_script CMakeFiles/cmTC_45327.dir/link.txt --verbose=1
/usr/bin/cc       CMakeFiles/cmTC_45327.dir/CheckSymbolExists.c.o  -o cmTC_45327 -rdynamic 
CMakeFiles/cmTC_45327.dir/CheckSymbolExists.c.o: In function `main':
CheckSymbolExists.c:(.text+0x16): undefined reference to `pthread_create'
collect2: error: ld returned 1 exit status
CMakeFiles/cmTC_45327.dir/build.make:97: recipe for target 'cmTC_45327' failed
make[1]: *** [cmTC_45327] Error 1
make[1]: Leaving directory '/home/robond/Desktop/First-Project/build/CMakeFiles/CMakeTmp'
Makefile:126: recipe for target 'cmTC_45327/fast' failed
make: *** [cmTC_45327/fast] Error 2

File /home/robond/Desktop/First-Project/build/CMakeFiles/CMakeTmp/CheckSymbolExists.c:
/* */
#include <pthread.h>

int main(int argc, char** argv)
{
  (void)argv;
#ifndef pthread_create
  return ((int*)(&pthread_create))[argc];
#else
  (void)argc;
  return 0;
#endif
}

Determining if the function pthread_create exists in the pthreads failed with the following output:
Change Dir: /home/robond/Desktop/First-Project/build/CMakeFiles/CMakeTmp

Run Build Command:"/usr/bin/make" "cmTC_c056c/fast"
/usr/bin/make -f CMakeFiles/cmTC_c056c.dir/build.make CMakeFiles/cmTC_c056c.dir/build
make[1]: Entering directory '/home/robond/Desktop/First-Project/build/CMakeFiles/CMakeTmp'
Building C object CMakeFiles/cmTC_c056c.dir/CheckFunctionExists.c.o
/usr/bin/cc    -DCHECK_FUNCTION_EXISTS=pthread_create   -o CMakeFiles/cmTC_c056c.dir/CheckFunctionExists.c.o   -c /usr/share/cmake-3.5/Modules/CheckFunctionExists.c
Linking C executable cmTC_c056c
/usr/bin/cmake -E cmake_link_script CMakeFiles/cmTC_c056c.dir/link.txt --verbose=1
/usr/bin/cc   -DCHECK_FUNCTION_EXISTS=pthread_create    CMakeFiles/cmTC_c056c.dir/CheckFunctionExists.c.o  -o cmTC_c056c -rdynamic -lpthreads 
/usr/bin/ld: cannot find -lpthreads
collect2: error: ld returned 1 exit status
CMakeFiles/cmTC_c056c.dir/build.make:97: recipe for target 'cmTC_c056c' failed
make[1]: *** [cmTC_c056c] Error 1
make[1]: Leaving directory '/home/robond/Desktop/First-Project/build/CMakeFiles/CMakeTmp'
Makefile:126: recipe for target 'cmTC_c056c/fast' failed
make: *** [cmTC_c056c/fast] Error 2


